\BOOKMARK [1][-]{acknowledgments.1}{Acknowledgments}{}% 1
\BOOKMARK [1][-]{Preface.1}{Preface}{}% 2
\BOOKMARK [1][-]{tableofcontents.1}{Contents}{}% 3
\BOOKMARK [1][-]{acronyms.1}{Acronyms}{}% 4
\BOOKMARK [-1][]{part.1}{Introduction}{}% 5
\BOOKMARK [-1][]{part.2}{Phonology}{}% 6
\BOOKMARK [-1][]{part.3}{Conjugating Verbs}{}% 7
\BOOKMARK [0][]{chapter.1}{1 Verbs in Dakota}{part.3}% 8
\BOOKMARK [1][-]{section.1.1}{1.1 The Role of Verbs in Dakota}{chapter.1}% 9
\BOOKMARK [1][-]{section.1.2}{1.2 Classification of Verbs}{chapter.1}% 10
\BOOKMARK [2][-]{subsection.1.2.1}{1.2.1 Nuclear Roles}{section.1.2}% 11
\BOOKMARK [2][-]{subsection.1.2.2}{1.2.2 The Transitive-Intransitive Distinction}{section.1.2}% 12
\BOOKMARK [2][-]{subsection.1.2.3}{1.2.3 Verbs of One Argument}{section.1.2}% 13
\BOOKMARK [2][-]{subsection.1.2.4}{1.2.4 Verbs of Two Arguments}{section.1.2}% 14
\BOOKMARK [2][-]{subsection.1.2.5}{1.2.5 Verbs of Three or More Arguments}{section.1.2}% 15
\BOOKMARK [0][]{chapter.2}{2 Conjugations}{part.3}% 16
\BOOKMARK [0][]{chapter.3}{3 Stative Verbs}{part.3}% 17
\BOOKMARK [0][]{chapter.4}{4 Active Verbs}{part.3}% 18
\BOOKMARK [0][]{chapter.5}{5 Exception Verbs}{part.3}% 19
\BOOKMARK [0][]{chapter.6}{6 Using Verbs}{part.3}% 20
\BOOKMARK [-1][]{part.4}{Modifying Verbs}{}% 21
\BOOKMARK [-1][]{part.5}{Mood \046 Tense}{}% 22
\BOOKMARK [-1][]{part.6}{Verb Phrases}{}% 23
\BOOKMARK [-1][]{part.7}{Nouns}{}% 24
\BOOKMARK [-1][]{part.8}{Modifiers}{}% 25
\BOOKMARK [-1][]{part.9}{Other Parts of Speech}{}% 26
\BOOKMARK [-1][]{part.10}{Appendix}{}% 27
\BOOKMARK [0][]{appendix.A}{A Appendix Test}{part.10}% 28
\BOOKMARK [1][-]{section.A.1}{A.1 Appendix Section Test}{appendix.A}% 29
\BOOKMARK [1][-]{section.A.2}{A.2 Another Appendix Section Test}{appendix.A}% 30
